C51 COMPILER V9.52.0.0   BEEP                                                              03/31/2022 22:00:06 PAGE 1   


C51 COMPILER V9.52.0.0, COMPILATION OF MODULE BEEP
OBJECT MODULE PLACED IN .\Output\beep.obj
COMPILER INVOKED BY: H:\studio\Keil4_C51\C51\BIN\C51.EXE ..\Source\beep.c LARGE BROWSE INCDIR(..\Source;..\User) DEBUG O
                    -BJECTEXTEND PRINT(.\List\beep.lst) TABS(2) OBJECT(.\Output\beep.obj)

line level    source

   1          #include "led.h"
   2          #include "beep.h"
   3          #include "key.h"
   4          #include "MQ-2.h"
   5          #include "fire.h"
   6          
   7          /**************************************************************************
   8          功能描述：传感器驱动
   9          入口参数：无
  10          返回值：无
  11           *************************************************************************/
  12          void beep_heartbeat(void)
  13          {
  14   1        /*
  15   1        if (key_state && (MQ2_state || fire_state)){    // 当（xx）超过一定值，且启动报警状态。
  16   1          Sensor_OUT = 0;          //蜂鸣器不鸣响
  17   1        } else{
  18   1          Sensor_OUT = 1;          //蜂鸣器鸣响
  19   1        }
  20   1        */
  21   1      
  22   1        if (1){
  23   2          Sensor_OUT = 1;          //蜂鸣器鸣响
  24   2          led_on(LED_3);           //点亮用户指示灯D3
  25   2          delay_ms(1000);          //延时1S，方便观察实验现象
  26   2          
  27   2          Sensor_OUT = 0;          //蜂鸣器不鸣响
  28   2          led_off(LED_3);          //熄灭用户指示灯D3
  29   2          delay_ms(1000);          //延时1S，方便观察实验现象
  30   2      
  31   2      
  32   2        }
  33   1      
  34   1      }
  35          
  36          /*********************************END FILE********************************************/ 
  37          


MODULE INFORMATION:   STATIC OVERLAYABLE
   CODE SIZE        =     28    ----
   CONSTANT SIZE    =   ----    ----
   XDATA SIZE       =   ----    ----
   PDATA SIZE       =   ----    ----
   DATA SIZE        =   ----    ----
   IDATA SIZE       =   ----    ----
   BIT SIZE         =   ----    ----
END OF MODULE INFORMATION.


C51 COMPILATION COMPLETE.  0 WARNING(S),  0 ERROR(S)
