C51 COMPILER V9.52.0.0   DHT11                                                             03/31/2022 21:32:10 PAGE 1   


C51 COMPILER V9.52.0.0, COMPILATION OF MODULE DHT11
OBJECT MODULE PLACED IN .\Output\dht11.obj
COMPILER INVOKED BY: H:\studio\Keil4_C51\C51\BIN\C51.EXE ..\Source\dht11.c LARGE BROWSE INCDIR(..\Source;..\User) DEBUG 
                    -OBJECTEXTEND PRINT(.\List\dht11.lst) TABS(2) OBJECT(.\Output\dht11.obj)

line level    source

   1          #include  "dht11.h" 
   2          #include  "uart.h"  
   3          
   4          uint8 u8T_data_H_temp,u8T_data_L_temp,u8RH_data_H_temp,uRH_data_L_temp,u8checkdata_temp;
   5          DHT11VALUE DHT11Value;
   6          
   7          /**************************************************************************************
   8           * 描  述 : 延时函数
   9           * 入  参 : 10us的整数倍
  10           * 返回值 : 无
  11           **************************************************************************************/
  12          void delay_10us(uint8 x)
  13          {
  14   1        uint8 i;
  15   1      
  16   1        for (i = 0; i < x; i++) 
  17   1        {
  18   2           Delay10us();
  19   2        }
  20   1      }
  21          
  22           /**************************************************************************************
  23           * 描  述 : 从DHT11读取一个字节，MSB先行
  24           * 入  参 : 无
  25           * 返回值 : uint8
  26           **************************************************************************************/
  27          static uint8 Read_Byte(void)
  28          {
  29   1        uint8 i, temp=0;
  30   1      
  31   1        for(i=0;i<8;i++)    
  32   1        {    
  33   2          while(!DATA_PIN);  //每bit以50us低电平标置开始，轮询直到从机发出 的50us 低电平 结束
  34   2      
  35   2          /*DHT11 以23~27us的高电平表示“0”，以68~74us的高电平表示“1”  */
  36   2          delay_10us(4); //延时约40us,这个延时需要大于数据0持续的时间即可       
  37   2      
  38   2          if(DATA_PIN)   //约40us后仍为高电平表示数据“1”
  39   2          {
  40   3            while(DATA_PIN);  //等待数据1的高电平结束
  41   3            temp|=(uint8)(0x01<<(7-i));  //把第7-i位置1，MSB先行 
  42   3          }
  43   2          else   //40us后为低电平表示数据“0”
  44   2          {        
  45   3            temp&=(uint8)~(0x01<<(7-i)); //把第7-i位置0，MSB先行
  46   3          }
  47   2        }
  48   1        return temp;  
  49   1      }
  50          
  51           /**************************************************************************************
  52           * 描  述 : 一次完整的数据传输为40bit，高位先出
  53           * 入  参 : 8bit 湿度整数 + 8bit 湿度小数 + 8bit 温度整数 + 8bit 温度小数 + 8bit 校验和 
  54           * 返回值 : 无
C51 COMPILER V9.52.0.0   DHT11                                                             03/31/2022 21:32:10 PAGE 2   

  55           **************************************************************************************/
  56          void Read_DHT11(void)   //温湿传感启动
  57          {
  58   1          uint8 u8T_data_H,u8T_data_L,u8RH_data_H,u8RH_data_L,u8checkdata,uchartemp;
  59   1        
  60   1          DATA_PIN=0;         //主机拉低
  61   1          delay_ms(20);       //延时20ms，需大于18ms
  62   1          DATA_PIN=1;         //总线拉高 主机延时30us
  63   1          delay_10us(3);      //延时约30us
  64   1        
  65   1          if(!DATA_PIN)       //判断从机是否有低电平响应信号 如不响应则跳出，响应则向下运行   
  66   1          {
  67   2              while(!DATA_PIN);   //轮询直到从机发出的83us 低电平 响应信号结束
  68   2              while(DATA_PIN);    //轮询直到从机发出的87us 高电平 标置信号结束
  69   2            
  70   2              /*开始接收数据*/ 
  71   2              u8RH_data_H_temp= Read_Byte();
  72   2              uRH_data_L_temp= Read_Byte();
  73   2              u8T_data_H_temp= Read_Byte();
  74   2              u8T_data_L_temp= Read_Byte();
  75   2              u8checkdata_temp= Read_Byte();
  76   2            
  77   2              DATA_PIN=1;                   //读取结束，主机拉高
  78   2            
  79   2              /*检查读取的数据是否正确*/
  80   2              uchartemp=(u8T_data_H_temp+u8T_data_L_temp+u8RH_data_H_temp+uRH_data_L_temp);
  81   2              if(uchartemp==u8checkdata_temp)   //校验
  82   2              {
  83   3                  u8RH_data_H=u8RH_data_H_temp;
  84   3                  u8RH_data_L=uRH_data_L_temp;
  85   3                  u8T_data_H=u8T_data_H_temp;
  86   3                  u8T_data_L=u8T_data_L_temp;
  87   3                  u8checkdata=u8checkdata_temp;
  88   3              }       
  89   2              DHT11Value.tempH = u8T_data_H/10; 
  90   2              DHT11Value.tempL = u8T_data_H%10;
  91   2              
  92   2              DHT11Value.humyH = u8RH_data_H/10; 
  93   2              DHT11Value.humyL = u8RH_data_H%10;          
  94   2          } 
  95   1          else      //没能成功读取，返回0
  96   1          {
  97   2              DHT11Value.tempH = 0; 
  98   2              DHT11Value.tempL = 0;        
  99   2              DHT11Value.humyH = 0; 
 100   2              DHT11Value.humyL = 0;   
 101   2          }  
 102   1      }
 103          
 104          /**************************************************************************************
 105           * 描  述 : 串口实时显示温湿度
 106           * 入  参 : 无
 107           * 返回值 : 无
 108           **************************************************************************************/
 109          void DHT11_TEST(void)
 110          {
 111   1          static uint8 temp[3]; 
 112   1          static uint8 humidity[3];   
 113   1      
 114   1          memset(temp, 0, 3);                             //将temp数组初始化（清零）
 115   1          memset(humidity, 0, 3);                         //将humidity数组初始化（清零）
 116   1          
C51 COMPILER V9.52.0.0   DHT11                                                             03/31/2022 21:32:10 PAGE 3   

 117   1          Read_DHT11();                                   //获取温湿度值
 118   1          
 119   1          //将温湿度值转换为字符串
 120   1          temp[0] = DHT11Value.tempH + 0x30;
 121   1          temp[1] = DHT11Value.tempL + 0x30;
 122   1          humidity[0] = DHT11Value.humyH + 0x30;
 123   1          humidity[1] = DHT11Value.humyL + 0x30;
 124   1          
 125   1          //串口打印温湿度值
 126   1          SendStringByUart1("Temperature:");
 127   1          SendStringByUart1(temp);    // 数组指针       temp[2] = 0;   so while end
 128   1          SendStringByUart1("   ");
 129   1          SendStringByUart1("Humidity:");
 130   1          SendStringByUart1(humidity);
 131   1          SendStringByUart1("\r\n");  
 132   1      }
 133          
 134          
 135          /*********************************END FILE*************************************/


MODULE INFORMATION:   STATIC OVERLAYABLE
   CODE SIZE        =    439    ----
   CONSTANT SIZE    =     30    ----
   XDATA SIZE       =     15       9
   PDATA SIZE       =   ----    ----
   DATA SIZE        =   ----    ----
   IDATA SIZE       =   ----    ----
   BIT SIZE         =   ----    ----
END OF MODULE INFORMATION.


C51 COMPILATION COMPLETE.  0 WARNING(S),  0 ERROR(S)
