C51 COMPILER V9.52.0.0   MQ_2                                                              03/31/2022 21:48:08 PAGE 1   


C51 COMPILER V9.52.0.0, COMPILATION OF MODULE MQ_2
OBJECT MODULE PLACED IN .\Output\MQ-2.obj
COMPILER INVOKED BY: H:\studio\Keil4_C51\C51\BIN\C51.EXE ..\Source\MQ-2.c LARGE BROWSE INCDIR(..\Source;..\User) DEBUG O
                    -BJECTEXTEND PRINT(.\List\MQ-2.lst) TABS(2) OBJECT(.\Output\MQ-2.obj)

line level    source

   1          #include "led.h"
   2          #include "MQ-2.h" 
   3          
   4          uint8 MQ2_state;
   5          
   6          /**************************************************************************
   7          功能描述：传感器检测
   8          入口参数：无
   9          返回值：无
  10           *************************************************************************/
  11          void MQ2_heartbeat(void)
  12          {
  13   1         if(Sensor_IN == 0)        //MQ-2传感器感应到可燃性气体浓度达到一定值，DO针脚输出低电平      
  14   1         {
  15   2           MQ2_state = 1;
  16   2           led_on(LED_3);          //点亮用户指示灯D3
  17   2         }
  18   1         else                      //MQ-2传感器感应到可燃性气体浓度低于一定值，DO针脚输出高电平 
  19   1         {
  20   2           MQ2_state = 0;
  21   2           led_off(LED_3);         //熄灭用户指示灯D3
  22   2         }
  23   1      }
  24          
  25          /*********************************END FILE********************************************/ 
  26          


MODULE INFORMATION:   STATIC OVERLAYABLE
   CODE SIZE        =     25    ----
   CONSTANT SIZE    =   ----    ----
   XDATA SIZE       =      1    ----
   PDATA SIZE       =   ----    ----
   DATA SIZE        =   ----    ----
   IDATA SIZE       =   ----    ----
   BIT SIZE         =   ----    ----
END OF MODULE INFORMATION.


C51 COMPILATION COMPLETE.  0 WARNING(S),  0 ERROR(S)
